[INFO] Scanning for projects...
[INFO] 
[INFO] ---------------------< com.management:management >----------------------
[INFO] Building management 1.0.0
[INFO] --------------------------------[ jar ]---------------------------------
[INFO] 
[INFO] >>> spring-boot-maven-plugin:3.2.7:run (default-cli) > test-compile @ management >>>
[INFO] 
[INFO] --- maven-resources-plugin:3.3.1:resources (default-resources) @ management ---
[INFO] Copying 2 resources from src\main\resources to target\classes
[INFO] Copying 12 resources from src\main\resources to target\classes
[INFO] 
[INFO] --- maven-compiler-plugin:3.11.0:compile (default-compile) @ management ---
[INFO] Nothing to compile - all classes are up to date
[INFO] 
[INFO] --- maven-resources-plugin:3.3.1:testResources (default-testResources) @ management ---
[INFO] Copying 2 resources from src\test\resources to target\test-classes
[INFO] 
[INFO] --- maven-compiler-plugin:3.11.0:testCompile (default-testCompile) @ management ---
[INFO] Nothing to compile - all classes are up to date
[INFO] 
[INFO] <<< spring-boot-maven-plugin:3.2.7:run (default-cli) < test-compile @ management <<<
[INFO] 
[INFO] 
[INFO] --- spring-boot-maven-plugin:3.2.7:run (default-cli) @ management ---
[INFO] Attaching agents: []

  .   ____          _            __ _ _
 /\\ / ___'_ __ _ _(_)_ __  __ _ \ \ \ \
( ( )\___ | '_ | '_| | '_ \/ _` | \ \ \ \
 \\/  ___)| |_)| | | | | || (_| |  ) ) ) )
  '  |____| .__|_| |_|_| |_\__, | / / / /
 =========|_|==============|___/=/_/_/_/
 :: Spring Boot ::                (v3.2.7)

2026-05-26T16:06:12.611+08:00  INFO 26068 --- [           main] com.management.ManagementApplication     : Starting ManagementApplication using Java 17.0.16 with PID 26068 (D:\repository\management\backend-java\target\classes started by bigjj in D:\repository\management\backend-java)
2026-05-26T16:06:12.614+08:00  INFO 26068 --- [           main] com.management.ManagementApplication     : No active profile set, falling back to 1 default profile: "default"
2026-05-26T16:06:13.880+08:00  INFO 26068 --- [           main] o.s.b.w.embedded.tomcat.TomcatWebServer  : Tomcat initialized with port 8080 (http)
2026-05-26T16:06:13.895+08:00  INFO 26068 --- [           main] o.apache.catalina.core.StandardService   : Starting service [Tomcat]
2026-05-26T16:06:13.895+08:00  INFO 26068 --- [           main] o.apache.catalina.core.StandardEngine    : Starting Servlet engine: [Apache Tomcat/10.1.25]
2026-05-26T16:06:13.961+08:00  INFO 26068 --- [           main] o.a.c.c.C.[Tomcat].[localhost].[/]       : Initializing Spring embedded WebApplicationContext
2026-05-26T16:06:13.962+08:00  INFO 26068 --- [           main] w.s.c.ServletWebServerApplicationContext : Root WebApplicationContext: initialization completed in 1300 ms
Logging initialized using 'class org.apache.ibatis.logging.stdout.StdOutImpl' adapter.
Get /172.19.80.1 network interface 
Get network interface info: name:eth24 (Hyper-V Virtual Ethernet Adapter)
Initialization Sequence datacenterId:2 workerId:28
 _ _   |_  _ _|_. ___ _ |    _ 
| | |\/|_)(_| | |_\  |_)||_|_\ 
     /               |         
                        3.5.7 
Creating a new SqlSession
SqlSession [org.apache.ibatis.session.defaults.DefaultSqlSession@63fd4dda] was not registered for synchronization because synchronization is not active
2026-05-26T16:06:14.977+08:00  INFO 26068 --- [           main] com.zaxxer.hikari.HikariDataSource       : HikariPool-1 - Starting...
2026-05-26T16:06:15.347+08:00  INFO 26068 --- [           main] com.zaxxer.hikari.pool.HikariPool        : HikariPool-1 - Added connection com.mysql.cj.jdbc.ConnectionImpl@4af7dd6a
2026-05-26T16:06:15.349+08:00  INFO 26068 --- [           main] com.zaxxer.hikari.HikariDataSource       : HikariPool-1 - Start completed.
JDBC Connection [HikariProxyConnection@198785987 wrapping com.mysql.cj.jdbc.ConnectionImpl@4af7dd6a] will not be managed by Spring
==>  Preparing: SELECT id,rule_type,role,from_status,to_status FROM workflow_rules
==> Parameters: 
<==    Columns: id, rule_type, role, from_status, to_status
<==        Row: 48, bug, dev, assigned, fixing
<==        Row: 28, bug, dev, fixing, fixed
<==        Row: 25, bug, dev_lead, assigned, closed
<==        Row: 24, bug, dev_lead, assigned, fixing
<==        Row: 27, bug, dev_lead, reopened, closed
<==        Row: 26, bug, dev_lead, reopened, fixing
<==        Row: 32, bug, pm, new, assigned
<==        Row: 31, bug, pm, reopened, assigned
<==        Row: 18, bug, tester, new, assigned
<==        Row: 19, bug, tester, pending_verify, closed
<==        Row: 20, bug, tester, pending_verify, reopened
<==        Row: 29, bug, tester, reopened, assigned
<==        Row: 21, bug, tester_lead, new, assigned
<==        Row: 22, bug, tester_lead, pending_verify, closed
<==        Row: 23, bug, tester_lead, pending_verify, reopened
<==        Row: 30, bug, tester_lead, reopened, assigned
<==        Row: 44, feature, dev, developing, pending_test
<==        Row: 46, feature, pm, pending_test, closed
<==        Row: 43, feature, pm, planned, developing
<==        Row: 45, feature, tester, pending_test, closed
<==        Row: 40, requirement, pm, business_test, closed
<==        Row: 39, requirement, pm, business_test, pending_release
<==        Row: 36, requirement, pm, in_progress, closed
<==        Row: 35, requirement, pm, in_progress, integration_test
<==        Row: 37, requirement, pm, integration_test, business_test
<==        Row: 38, requirement, pm, integration_test, closed
<==        Row: 42, requirement, pm, pending_release, business_test
<==        Row: 41, requirement, pm, pending_release, released
<==        Row: 34, requirement, pm, planned, closed
<==        Row: 33, requirement, pm, planned, in_progress
<==        Row: 12, task, dev, developing, developed
<==        Row: 8, task, dev_lead, assigned_lead, developing
<==        Row: 9, task, dev_lead, assigned_lead, rejected
<==        Row: 10, task, dev_lead, pending_test, testing
<==        Row: 11, task, dev_lead, rejected, developing
<==        Row: 7, task, pm, passed, closed
<==        Row: 1, task, pm, pending, assigned_lead
<==        Row: 2, task, pm, pending, closed
<==        Row: 4, task, pm, pending_test, closed
<==        Row: 3, task, pm, pending_test, testing
<==        Row: 5, task, pm, rejected, assigned_lead
<==        Row: 6, task, pm, rejected, closed
<==        Row: 47, task, tester, pending_test, testing
<==        Row: 16, task, tester, testing, passed
<==        Row: 17, task, tester, testing, rejected
<==        Row: 13, task, tester_lead, pending_test, testing
<==        Row: 14, task, tester_lead, testing, passed
<==        Row: 15, task, tester_lead, testing, rejected
<==      Total: 48
Closing non transactional SqlSession [org.apache.ibatis.session.defaults.DefaultSqlSession@63fd4dda]
2026-05-26T16:06:15.424+08:00  INFO 26068 --- [           main] c.m.common.workflow.WorkflowService      : Workflow cache refreshed, total rules: 48
2026-05-26T16:06:15.804+08:00  WARN 26068 --- [           main] .s.s.UserDetailsServiceAutoConfiguration : 

Using generated security password: 8dfaa959-be3c-4a63-a12d-0948445d529b

This generated password is for development use only. Your security configuration must be updated before running your application in production.

2026-05-26T16:06:16.119+08:00  INFO 26068 --- [           main] o.s.s.web.DefaultSecurityFilterChain     : Will secure any request with [org.springframework.security.web.session.DisableEncodeUrlFilter@5a82bc58, org.springframework.security.web.context.request.async.WebAsyncManagerIntegrationFilter@4aab7195, org.springframework.security.web.context.SecurityContextHolderFilter@6fbe4800, org.springframework.security.web.header.HeaderWriterFilter@6728370a, org.springframework.web.filter.CorsFilter@6210666c, org.springframework.security.web.authentication.logout.LogoutFilter@536da29c, com.management.common.jwt.JwtAuthFilter@756aadfc, org.springframework.security.web.savedrequest.RequestCacheAwareFilter@1179fc8c, org.springframework.security.web.servletapi.SecurityContextHolderAwareRequestFilter@52285a5f, org.springframework.security.web.authentication.AnonymousAuthenticationFilter@1dca62c2, org.springframework.security.web.session.SessionManagementFilter@1ed9d173, org.springframework.security.web.access.ExceptionTranslationFilter@38ef1a0a, org.springframework.security.web.access.intercept.AuthorizationFilter@3c27f72]
2026-05-26T16:06:16.359+08:00  INFO 26068 --- [           main] o.s.b.w.embedded.tomcat.TomcatWebServer  : Tomcat started on port 8080 (http) with context path ''
2026-05-26T16:06:16.366+08:00  INFO 26068 --- [           main] com.management.ManagementApplication     : Started ManagementApplication in 4.161 seconds (process running for 4.455)
Creating a new SqlSession
SqlSession [org.apache.ibatis.session.defaults.DefaultSqlSession@5477d90e] was not registered for synchronization because synchronization is not active
JDBC Connection [HikariProxyConnection@2010024901 wrapping com.mysql.cj.jdbc.ConnectionImpl@4af7dd6a] will not be managed by Spring
==>  Preparing: SELECT COUNT( * ) AS total FROM users WHERE (role = ?)
==> Parameters: pm(String)
<==    Columns: total
<==        Row: 1
<==      Total: 1
Closing non transactional SqlSession [org.apache.ibatis.session.defaults.DefaultSqlSession@5477d90e]
Creating a new SqlSession
SqlSession [org.apache.ibatis.session.defaults.DefaultSqlSession@32a4ea4e] was not registered for synchronization because synchronization is not active
JDBC Connection [HikariProxyConnection@880490252 wrapping com.mysql.cj.jdbc.ConnectionImpl@4af7dd6a] will not be managed by Spring
==>  Preparing: SELECT COUNT( * ) AS total FROM workflow_rules
==> Parameters: 
<==    Columns: total
<==        Row: 48
<==      Total: 1
Closing non transactional SqlSession [org.apache.ibatis.session.defaults.DefaultSqlSession@32a4ea4e]
Creating a new SqlSession
SqlSession [org.apache.ibatis.session.defaults.DefaultSqlSession@20184ade] was not registered for synchronization because synchronization is not active
JDBC Connection [HikariProxyConnection@905654793 wrapping com.mysql.cj.jdbc.ConnectionImpl@4af7dd6a] will not be managed by Spring
==>  Preparing: SELECT COUNT( * ) AS total FROM dictionaries
==> Parameters: 
<==    Columns: total
<==        Row: 9
<==      Total: 1
Closing non transactional SqlSession [org.apache.ibatis.session.defaults.DefaultSqlSession@20184ade]
