[INFO] Scanning for projects...
[INFO] 
[INFO] ---------------------< com.management:management >----------------------
[INFO] Building management 1.0.0
[INFO] --------------------------------[ jar ]---------------------------------
[INFO] 
[INFO] >>> spring-boot-maven-plugin:3.2.7:run (default-cli) > test-compile @ management >>>
[INFO] 
[INFO] --- maven-resources-plugin:3.3.1:resources (default-resources) @ management ---
[INFO] Copying 2 resources from src\main\resources to target\classes
[INFO] Copying 12 resources from src\main\resources to target\classes
[INFO] 
[INFO] --- maven-compiler-plugin:3.11.0:compile (default-compile) @ management ---
[INFO] Nothing to compile - all classes are up to date
[INFO] 
[INFO] --- maven-resources-plugin:3.3.1:testResources (default-testResources) @ management ---
[INFO] Copying 2 resources from src\test\resources to target\test-classes
[INFO] 
[INFO] --- maven-compiler-plugin:3.11.0:testCompile (default-testCompile) @ management ---
[INFO] Nothing to compile - all classes are up to date
[INFO] 
[INFO] <<< spring-boot-maven-plugin:3.2.7:run (default-cli) < test-compile @ management <<<
[INFO] 
[INFO] 
[INFO] --- spring-boot-maven-plugin:3.2.7:run (default-cli) @ management ---
[INFO] Attaching agents: []

  .   ____          _            __ _ _
 /\\ / ___'_ __ _ _(_)_ __  __ _ \ \ \ \
( ( )\___ | '_ | '_| | '_ \/ _` | \ \ \ \
 \\/  ___)| |_)| | | | | || (_| |  ) ) ) )
  '  |____| .__|_| |_|_| |_\__, | / / / /
 =========|_|==============|___/=/_/_/_/
 :: Spring Boot ::                (v3.2.7)

2026-05-26T16:15:48.275+08:00  INFO 28748 --- [           main] com.management.ManagementApplication     : Starting ManagementApplication using Java 17.0.16 with PID 28748 (D:\repository\management\backend-java\target\classes started by bigjj in D:\repository\management\backend-java)
2026-05-26T16:15:48.277+08:00  INFO 28748 --- [           main] com.management.ManagementApplication     : No active profile set, falling back to 1 default profile: "default"
